<?xml version="1.0" encoding="UTF-8"?>
<testng-results ignored="0" total="1" passed="1" failed="0" skipped="0">
  <reporter-output>
    <line>
      <![CDATA[database connected]]>
    </line>
    <line>
      <![CDATA[Browser is Launch succesfully]]>
    </line>
    <line>
      <![CDATA[logged in succesfully]]>
    </line>
    <line>
      <![CDATA[logged out succesfully]]>
    </line>
    <line>
      <![CDATA[Browser is close succesfully]]>
    </line>
    <line>
      <![CDATA[database disconnected succesfully]]>
    </line>
  </reporter-output>
  <suite started-at="2023-07-24T11:03:45 IST" name="Default suite" finished-at="2023-07-24T11:04:14 IST" duration-ms="29035">
    <groups>
    </groups>
    <test started-at="2023-07-24T11:03:45 IST" name="Default test" finished-at="2023-07-24T11:04:14 IST" duration-ms="29035">
      <class name="com.ActiTime.Testscripts.CreateCustomer">
        <test-method is-config="true" signature="databaseConnection()[pri:0, instance:com.ActiTime.Testscripts.CreateCustomer@3b69e7d1]" started-at="2023-07-24T11:03:45 IST" name="databaseConnection" finished-at="2023-07-24T11:03:45 IST" duration-ms="10" status="PASS">
          <reporter-output>
            <line>
              <![CDATA[database connected]]>
            </line>
          </reporter-output>
        </test-method> <!-- databaseConnection -->
        <test-method is-config="true" signature="launchBrowser()[pri:0, instance:com.ActiTime.Testscripts.CreateCustomer@3b69e7d1]" started-at="2023-07-24T11:03:45 IST" name="launchBrowser" finished-at="2023-07-24T11:03:55 IST" duration-ms="10292" status="PASS">
          <reporter-output>
            <line>
              <![CDATA[Browser is Launch succesfully]]>
            </line>
          </reporter-output>
        </test-method> <!-- launchBrowser -->
        <test-method is-config="true" signature="login()[pri:0, instance:com.ActiTime.Testscripts.CreateCustomer@3b69e7d1]" started-at="2023-07-24T11:03:55 IST" name="login" finished-at="2023-07-24T11:03:59 IST" duration-ms="3357" status="PASS">
          <reporter-output>
            <line>
              <![CDATA[logged in succesfully]]>
            </line>
          </reporter-output>
        </test-method> <!-- login -->
        <test-method signature="createCustomer()[pri:0, instance:com.ActiTime.Testscripts.CreateCustomer@3b69e7d1]" started-at="2023-07-24T11:03:59 IST" name="createCustomer" finished-at="2023-07-24T11:04:12 IST" duration-ms="13118" status="PASS">
          <reporter-output>
          </reporter-output>
        </test-method> <!-- createCustomer -->
        <test-method is-config="true" signature="logOut()[pri:0, instance:com.ActiTime.Testscripts.CreateCustomer@3b69e7d1]" started-at="2023-07-24T11:04:12 IST" name="logOut" finished-at="2023-07-24T11:04:14 IST" duration-ms="2124" status="PASS">
          <reporter-output>
            <line>
              <![CDATA[logged out succesfully]]>
            </line>
          </reporter-output>
        </test-method> <!-- logOut -->
        <test-method is-config="true" signature="closeBrowser()[pri:0, instance:com.ActiTime.Testscripts.CreateCustomer@3b69e7d1]" started-at="2023-07-24T11:04:14 IST" name="closeBrowser" finished-at="2023-07-24T11:04:14 IST" duration-ms="114" status="PASS">
          <reporter-output>
            <line>
              <![CDATA[Browser is close succesfully]]>
            </line>
          </reporter-output>
        </test-method> <!-- closeBrowser -->
        <test-method is-config="true" signature="databaseDisconnection()[pri:0, instance:com.ActiTime.Testscripts.CreateCustomer@3b69e7d1]" started-at="2023-07-24T11:04:14 IST" name="databaseDisconnection" finished-at="2023-07-24T11:04:14 IST" duration-ms="0" status="PASS">
          <reporter-output>
            <line>
              <![CDATA[database disconnected succesfully]]>
            </line>
          </reporter-output>
        </test-method> <!-- databaseDisconnection -->
      </class> <!-- com.ActiTime.Testscripts.CreateCustomer -->
    </test> <!-- Default test -->
  </suite> <!-- Default suite -->
</testng-results>
